<?xml version="1.0" encoding="UTF-8"?>
<!-- Generated by org.testng.reporters.JUnitXMLReporter -->
<testsuite ignored="3" hostname="Kookee" failures="0" tests="2" name="UI-smokeTests" time="23.399" errors="0" timestamp="2022-12-28T16:47:12 EST">
  <testcase classname="tests.SignupTests" name="signUpPageTest" time="16.838"/>
  <testcase classname="tests.SignupTests" name="test5" time="2.013"/>
  <testcase classname="tests.SignupTests" name="test2" time="0.0">
    <ignored/>
  </testcase> <!-- test2 -->
  <testcase classname="tests.SignupTests" name="test4" time="0.0">
    <ignored/>
  </testcase> <!-- test4 -->
  <testcase classname="tests.SignupTests" name="test3" time="0.0">
    <ignored/>
  </testcase> <!-- test3 -->
</testsuite> <!-- UI-smokeTests -->
