<?xml version="1.0" encoding="UTF-8"?>
<testng-results ignored="0" total="9" passed="8" failed="1" skipped="0">
  <reporter-output>
  </reporter-output>
  <suite started-at="2023-01-26T02:23:44 EST" name="petStoreAPI" finished-at="2023-01-26T02:23:48 EST" duration-ms="4392">
    <groups>
    </groups>
    <test started-at="2023-01-26T02:23:44 EST" name="APITests" finished-at="2023-01-26T02:23:48 EST" duration-ms="4392">
      <class name="petStoreApiTests.PetStoreApiTests">
        <test-method is-config="true" signature="setup()[pri:0, instance:petStoreApiTests.PetStoreApiTests@20deea7f]" started-at="2023-01-26T02:23:44 EST" name="setup" finished-at="2023-01-26T02:23:44 EST" duration-ms="470" status="PASS">
          <reporter-output>
          </reporter-output>
        </test-method> <!-- setup -->
        <test-method signature="chainValidation()[pri:0, instance:petStoreApiTests.PetStoreApiTests@20deea7f]" started-at="2023-01-26T02:23:44 EST" name="chainValidation" finished-at="2023-01-26T02:23:47 EST" duration-ms="2887" status="PASS">
          <reporter-output>
          </reporter-output>
        </test-method> <!-- chainValidation -->
        <test-method signature="createCatWithJsonFile()[pri:0, instance:petStoreApiTests.PetStoreApiTests@20deea7f]" started-at="2023-01-26T02:23:44 EST" name="createCatWithJsonFile" finished-at="2023-01-26T02:23:47 EST" duration-ms="2687" status="PASS">
          <reporter-output>
          </reporter-output>
        </test-method> <!-- createCatWithJsonFile -->
        <test-method signature="invalidIdUpdateCat()[pri:0, instance:petStoreApiTests.PetStoreApiTests@20deea7f]" started-at="2023-01-26T02:23:47 EST" name="invalidIdUpdateCat" finished-at="2023-01-26T02:23:47 EST" duration-ms="245" status="PASS">
          <reporter-output>
          </reporter-output>
        </test-method> <!-- invalidIdUpdateCat -->
        <test-method signature="postACat()[pri:0, instance:petStoreApiTests.PetStoreApiTests@20deea7f]" started-at="2023-01-26T02:23:47 EST" name="postACat" finished-at="2023-01-26T02:23:47 EST" duration-ms="207" status="PASS">
          <reporter-output>
          </reporter-output>
        </test-method> <!-- postACat -->
        <test-method signature="postAPet()[pri:0, instance:petStoreApiTests.PetStoreApiTests@20deea7f]" started-at="2023-01-26T02:23:47 EST" name="postAPet" finished-at="2023-01-26T02:23:48 EST" duration-ms="198" status="PASS">
          <reporter-output>
          </reporter-output>
        </test-method> <!-- postAPet -->
        <test-method signature="findPetByStatus()[pri:0, instance:petStoreApiTests.PetStoreApiTests@20deea7f]" started-at="2023-01-26T02:23:47 EST" name="findPetByStatus" finished-at="2023-01-26T02:23:48 EST" duration-ms="187" status="PASS">
          <reporter-output>
          </reporter-output>
        </test-method> <!-- findPetByStatus -->
        <test-method signature="updateCat()[pri:0, instance:petStoreApiTests.PetStoreApiTests@20deea7f]" started-at="2023-01-26T02:23:48 EST" name="updateCat" finished-at="2023-01-26T02:23:48 EST" depends-on-methods="petStoreApiTests.PetStoreApiTests.postACat" duration-ms="177" status="PASS">
          <reporter-output>
          </reporter-output>
        </test-method> <!-- updateCat -->
        <test-method signature="getPetById()[pri:0, instance:petStoreApiTests.PetStoreApiTests@20deea7f]" started-at="2023-01-26T02:23:48 EST" name="getPetById" finished-at="2023-01-26T02:23:48 EST" depends-on-methods="petStoreApiTests.PetStoreApiTests.postAPet" duration-ms="176" status="FAIL">
          <exception class="java.lang.AssertionError">
            <message>
              <![CDATA[1 expectation failed.
Expected status code <200> but was <404>.
]]>
            </message>
            <full-stacktrace>
              <![CDATA[java.lang.AssertionError: 1 expectation failed.
Expected status code <200> but was <404>.

at java.base/jdk.internal.reflect.NativeConstructorAccessorImpl.newInstance0(Native Method)
at java.base/jdk.internal.reflect.NativeConstructorAccessorImpl.newInstance(NativeConstructorAccessorImpl.java:77)
at java.base/jdk.internal.reflect.DelegatingConstructorAccessorImpl.newInstance(DelegatingConstructorAccessorImpl.java:45)
at java.base/java.lang.reflect.Constructor.newInstanceWithCaller(Constructor.java:499)
at java.base/java.lang.reflect.Constructor.newInstance(Constructor.java:480)
at org.codehaus.groovy.reflection.CachedConstructor.invoke(CachedConstructor.java:73)
at org.codehaus.groovy.runtime.callsite.ConstructorSite$ConstructorSiteNoUnwrapNoCoerce.callConstructor(ConstructorSite.java:108)
at org.codehaus.groovy.runtime.callsite.CallSiteArray.defaultCallConstructor(CallSiteArray.java:57)
at org.codehaus.groovy.runtime.callsite.AbstractCallSite.callConstructor(AbstractCallSite.java:263)
at org.codehaus.groovy.runtime.callsite.AbstractCallSite.callConstructor(AbstractCallSite.java:277)
at io.restassured.internal.ResponseSpecificationImpl$HamcrestAssertionClosure.validate(ResponseSpecificationImpl.groovy:512)
at io.restassured.internal.ResponseSpecificationImpl$HamcrestAssertionClosure$validate$3.call(Unknown Source)
at io.restassured.internal.ResponseSpecificationImpl.validateResponseIfRequired(ResponseSpecificationImpl.groovy:696)
at io.restassured.internal.ResponseSpecificationImpl.this$2$validateResponseIfRequired(ResponseSpecificationImpl.groovy)
at jdk.internal.reflect.GeneratedMethodAccessor54.invoke(Unknown Source)
at java.base/jdk.internal.reflect.DelegatingMethodAccessorImpl.invoke(DelegatingMethodAccessorImpl.java:43)
at java.base/java.lang.reflect.Method.invoke(Method.java:568)
at org.codehaus.groovy.runtime.callsite.PlainObjectMetaMethodSite.doInvoke(PlainObjectMetaMethodSite.java:43)
at org.codehaus.groovy.runtime.callsite.PogoMetaMethodSite$PogoCachedMethodSiteNoUnwrapNoCoerce.invoke(PogoMetaMethodSite.java:198)
at org.codehaus.groovy.runtime.callsite.PogoMetaMethodSite.callCurrent(PogoMetaMethodSite.java:62)
at org.codehaus.groovy.runtime.callsite.AbstractCallSite.callCurrent(AbstractCallSite.java:185)
at io.restassured.internal.ResponseSpecificationImpl.statusCode(ResponseSpecificationImpl.groovy:135)
at io.restassured.specification.ResponseSpecification$statusCode$2.callCurrent(Unknown Source)
at io.restassured.internal.ResponseSpecificationImpl.statusCode(ResponseSpecificationImpl.groovy:143)
at io.restassured.internal.ValidatableResponseOptionsImpl.statusCode(ValidatableResponseOptionsImpl.java:89)
at petStoreApiTests.PetStoreApiTests.getPetById(PetStoreApiTests.java:30)
at java.base/jdk.internal.reflect.NativeMethodAccessorImpl.invoke0(Native Method)
at java.base/jdk.internal.reflect.NativeMethodAccessorImpl.invoke(NativeMethodAccessorImpl.java:77)
at java.base/jdk.internal.reflect.DelegatingMethodAccessorImpl.invoke(DelegatingMethodAccessorImpl.java:43)
at java.base/java.lang.reflect.Method.invoke(Method.java:568)
at org.testng.internal.MethodInvocationHelper.invokeMethod(MethodInvocationHelper.java:133)
at org.testng.internal.TestInvoker.invokeMethod(TestInvoker.java:598)
at org.testng.internal.TestInvoker.invokeTestMethod(TestInvoker.java:173)
at org.testng.internal.MethodRunner.runInSequence(MethodRunner.java:46)
at org.testng.internal.TestInvoker$MethodInvocationAgent.invoke(TestInvoker.java:824)
at org.testng.internal.TestInvoker.invokeTestMethods(TestInvoker.java:146)
at org.testng.internal.TestMethodWorker.invokeTestMethods(TestMethodWorker.java:146)
at org.testng.internal.TestMethodWorker.run(TestMethodWorker.java:128)
at java.base/java.util.concurrent.ThreadPoolExecutor.runWorker(ThreadPoolExecutor.java:1136)
at java.base/java.util.concurrent.ThreadPoolExecutor$Worker.run(ThreadPoolExecutor.java:635)
at java.base/java.lang.Thread.run(Thread.java:833)
]]>
            </full-stacktrace>
          </exception> <!-- java.lang.AssertionError -->
          <reporter-output>
          </reporter-output>
        </test-method> <!-- getPetById -->
        <test-method signature="getById()[pri:0, instance:petStoreApiTests.PetStoreApiTests@20deea7f]" started-at="2023-01-26T02:23:48 EST" name="getById" finished-at="2023-01-26T02:23:48 EST" depends-on-methods="petStoreApiTests.PetStoreApiTests.postACat, petStoreApiTests.PetStoreApiTests.updateCat" duration-ms="266" status="PASS">
          <reporter-output>
          </reporter-output>
        </test-method> <!-- getById -->
        <test-method is-config="true" signature="cleanup()[pri:0, instance:petStoreApiTests.PetStoreApiTests@20deea7f]" started-at="2023-01-26T02:23:48 EST" name="cleanup" finished-at="2023-01-26T02:23:48 EST" duration-ms="301" status="PASS">
          <reporter-output>
          </reporter-output>
        </test-method> <!-- cleanup -->
      </class> <!-- petStoreApiTests.PetStoreApiTests -->
    </test> <!-- APITests -->
  </suite> <!-- petStoreAPI -->
</testng-results>
